[00:03:45] [Server thread/INFO]: Ai_vo drowned
[00:03:52] [Server thread/INFO]: The difficulty has been set to Easy
[00:05:33] [Server thread/INFO]: Ai_vo has made the advancement [The Parrots and the Bats]
[00:08:15] [Server thread/INFO]: gusen1116 fell from a high place
[00:08:16] [Server thread/WARN]: gusen1116 moved too quickly! -156.6865492130517,61.0,-72.38926272442654
[00:08:16] [Server thread/WARN]: gusen1116 moved too quickly! -156.6865492130517,61.0,-72.38926272442654
[00:14:10] [Server thread/INFO]: jho5245 has made the advancement [Monster Hunter]
[00:15:09] [Server thread/INFO]: gusen1116 has made the advancement [The Parrots and the Bats]
[00:15:43] [Server thread/INFO]: <Wnyn> fawf
[00:15:46] [Server thread/INFO]: <Ai_vo> fawf
[00:20:26] [Server thread/INFO]: Ai_vo fell from a high place
[00:20:27] [Server thread/WARN]: Ai_vo moved too quickly! -6.516850166510949,55.0,-13.199629449252711
[00:23:19] [Server thread/INFO]: Ai_vo has made the advancement [A Seedy Place]
[00:27:18] [Server thread/INFO]: Ai_vo fell from a high place
[00:27:19] [Server thread/WARN]: Ai_vo moved too quickly! -4.86934937604488,53.0,-11.496368235119803
[00:33:06] [Server thread/INFO]: Ai_vo drowned
[00:34:33] [Server thread/WARN]: Wnyn moved too quickly! -35.03460091622691,-25.370840142587568,-49.47855605484642
[00:35:16] [Server thread/INFO]: [Wnynya: Applied effect Night Vision to Wnyn]
[00:37:15] [Server thread/INFO]: Ai_vo has made the advancement [Monster Hunter]
[00:37:23] [Server thread/INFO]: gusen1116 tried to swim in lava
[00:38:19] [Server thread/WARN]: Wnyn moved too quickly! -31.995028451900623,-36.04106052043003,-6.503541539169419
[00:41:15] [Server thread/INFO]: gusen1116 tried to swim in lava
[00:42:39] [Server thread/INFO]: Ai_vo drowned
[00:42:40] [Server thread/WARN]: Ai_vo moved too quickly! 55.19999998807907,128.0,-20.19999998807907
[00:43:58] [Server thread/INFO]: Ai_vo was slain by jho5245
[00:43:59] [Server thread/WARN]: Ai_vo moved too quickly! -103.9139303364787,59.0,69.12947756556753
[00:45:48] [Server thread/INFO]: Ai_vo has made the advancement [Enchanter]
[00:47:03] [Server thread/INFO]: jho5245 drowned
[00:47:10] [Server thread/WARN]: jho5245 moved too quickly! -100.85968169285172,65.0,84.03730081193453
[00:51:18] [Server thread/INFO]: jho5245 has made the advancement [We Need to Go Deeper]
[00:51:36] [Server thread/INFO]: Wnyn has made the advancement [We Need to Go Deeper]
[00:51:49] [Server thread/INFO]: Ai_vo was doomed to fall
[00:55:03] [Server thread/INFO]: Stopping the server
[00:55:03] [Server thread/INFO]: Stopping server
[00:55:03] [Server thread/INFO]: Saving players
[00:55:03] [Server thread/INFO]: Ai_vo lost connection: Server closed
[00:55:03] [Server thread/INFO]: Ai_vo left the game
[00:55:03] [Server thread/INFO]: Saving worlds
[00:55:04] [Server thread/INFO]: Saving chunks for level 'ServerLevel[world]'/minecraft:overworld
[00:55:05] [Server thread/INFO]: Saving chunks for level 'ServerLevel[world]'/minecraft:the_end
[00:55:05] [Server thread/INFO]: Saving chunks for level 'ServerLevel[world]'/minecraft:the_nether
[00:55:09] [Server thread/INFO]: ThreadedAnvilChunkStorage (world): All chunks are saved
[00:55:09] [Server thread/INFO]: ThreadedAnvilChunkStorage (DIM1): All chunks are saved
[00:55:09] [Server thread/INFO]: ThreadedAnvilChunkStorage (DIM-1): All chunks are saved
[00:55:09] [Server thread/INFO]: ThreadedAnvilChunkStorage: All dimensions are saved
